make.exe --dry-run --always-make --keep-going --print-directory
make: Entering directory '/d/Projects/OpenLara-sm64/src/libs/libsm64'
 
gcc -g -Wall -fPIC -DSM64_LIB_EXPORT -DVERSION_US -DNO_SEGMENTED_MEMORY -DGBI_FLOATS -MM -MP -MT build/src/debug_print.o -MF build/src/debug_print.d src/debug_print.c
gcc -c -g -Wall -fPIC -DSM64_LIB_EXPORT -DVERSION_US -DNO_SEGMENTED_MEMORY -DGBI_FLOATS -isystem src/decomp/include -o build/src/debug_print.o src/debug_print.c
 
gcc -g -Wall -fPIC -DSM64_LIB_EXPORT -DVERSION_US -DNO_SEGMENTED_MEMORY -DGBI_FLOATS -MM -MP -MT build/src/fake_interaction.o -MF build/src/fake_interaction.d src/fake_interaction.c
gcc -c -g -Wall -fPIC -DSM64_LIB_EXPORT -DVERSION_US -DNO_SEGMENTED_MEMORY -DGBI_FLOATS -isystem src/decomp/include -o build/src/fake_interaction.o src/fake_interaction.c
 
gcc -g -Wall -fPIC -DSM64_LIB_EXPORT -DVERSION_US -DNO_SEGMENTED_MEMORY -DGBI_FLOATS -MM -MP -MT build/src/gfx_adapter.o -MF build/src/gfx_adapter.d src/gfx_adapter.c
gcc -c -g -Wall -fPIC -DSM64_LIB_EXPORT -DVERSION_US -DNO_SEGMENTED_MEMORY -DGBI_FLOATS -isystem src/decomp/include -o build/src/gfx_adapter.o src/gfx_adapter.c
 
gcc -g -Wall -fPIC -DSM64_LIB_EXPORT -DVERSION_US -DNO_SEGMENTED_MEMORY -DGBI_FLOATS -MM -MP -MT build/src/libsm64.o -MF build/src/libsm64.d src/libsm64.c
gcc -c -g -Wall -fPIC -DSM64_LIB_EXPORT -DVERSION_US -DNO_SEGMENTED_MEMORY -DGBI_FLOATS -isystem src/decomp/include -o build/src/libsm64.o src/libsm64.c
 
gcc -g -Wall -fPIC -DSM64_LIB_EXPORT -DVERSION_US -DNO_SEGMENTED_MEMORY -DGBI_FLOATS -MM -MP -MT build/src/load_anim_data.o -MF build/src/load_anim_data.d src/load_anim_data.c
gcc -c -g -Wall -fPIC -DSM64_LIB_EXPORT -DVERSION_US -DNO_SEGMENTED_MEMORY -DGBI_FLOATS -isystem src/decomp/include -o build/src/load_anim_data.o src/load_anim_data.c
 
gcc -g -Wall -fPIC -DSM64_LIB_EXPORT -DVERSION_US -DNO_SEGMENTED_MEMORY -DGBI_FLOATS -MM -MP -MT build/src/load_surfaces.o -MF build/src/load_surfaces.d src/load_surfaces.c
gcc -c -g -Wall -fPIC -DSM64_LIB_EXPORT -DVERSION_US -DNO_SEGMENTED_MEMORY -DGBI_FLOATS -isystem src/decomp/include -o build/src/load_surfaces.o src/load_surfaces.c
 
gcc -g -Wall -fPIC -DSM64_LIB_EXPORT -DVERSION_US -DNO_SEGMENTED_MEMORY -DGBI_FLOATS -MM -MP -MT build/src/load_tex_data.o -MF build/src/load_tex_data.d src/load_tex_data.c
gcc -c -g -Wall -fPIC -DSM64_LIB_EXPORT -DVERSION_US -DNO_SEGMENTED_MEMORY -DGBI_FLOATS -isystem src/decomp/include -o build/src/load_tex_data.o src/load_tex_data.c
 
gcc -g -Wall -fPIC -DSM64_LIB_EXPORT -DVERSION_US -DNO_SEGMENTED_MEMORY -DGBI_FLOATS -MM -MP -MT build/src/obj_pool.o -MF build/src/obj_pool.d src/obj_pool.c
gcc -c -g -Wall -fPIC -DSM64_LIB_EXPORT -DVERSION_US -DNO_SEGMENTED_MEMORY -DGBI_FLOATS -isystem src/decomp/include -o build/src/obj_pool.o src/obj_pool.c
 
gcc -g -Wall -fPIC -DSM64_LIB_EXPORT -DVERSION_US -DNO_SEGMENTED_MEMORY -DGBI_FLOATS -MM -MP -MT build/src/decomp/global_state.o -MF build/src/decomp/global_state.d src/decomp/global_state.c
gcc -c -g -Wall -fPIC -DSM64_LIB_EXPORT -DVERSION_US -DNO_SEGMENTED_MEMORY -DGBI_FLOATS -isystem src/decomp/include -o build/src/decomp/global_state.o src/decomp/global_state.c
 
gcc -g -Wall -fPIC -DSM64_LIB_EXPORT -DVERSION_US -DNO_SEGMENTED_MEMORY -DGBI_FLOATS -MM -MP -MT build/src/decomp/memory.o -MF build/src/decomp/memory.d src/decomp/memory.c
gcc -c -g -Wall -fPIC -DSM64_LIB_EXPORT -DVERSION_US -DNO_SEGMENTED_MEMORY -DGBI_FLOATS -isystem src/decomp/include -o build/src/decomp/memory.o src/decomp/memory.c
 
gcc -g -Wall -fPIC -DSM64_LIB_EXPORT -DVERSION_US -DNO_SEGMENTED_MEMORY -DGBI_FLOATS -MM -MP -MT build/src/decomp/engine/geo_layout.o -MF build/src/decomp/engine/geo_layout.d src/decomp/engine/geo_layout.c
gcc -c -g -Wall -fPIC -DSM64_LIB_EXPORT -DVERSION_US -DNO_SEGMENTED_MEMORY -DGBI_FLOATS -isystem src/decomp/include -o build/src/decomp/engine/geo_layout.o src/decomp/engine/geo_layout.c
gcc -g -Wall -fPIC -DSM64_LIB_EXPORT -DVERSION_US -DNO_SEGMENTED_MEMORY -DGBI_FLOATS -MM -MP -MT build/src/decomp/engine/graph_node.o -MF build/src/decomp/engine/graph_node.d src/decomp/engine/graph_node.c
gcc -c -g -Wall -fPIC -DSM64_LIB_EXPORT -DVERSION_US -DNO_SEGMENTED_MEMORY -DGBI_FLOATS -isystem src/decomp/include -o build/src/decomp/engine/graph_node.o src/decomp/engine/graph_node.c
gcc -g -Wall -fPIC -DSM64_LIB_EXPORT -DVERSION_US -DNO_SEGMENTED_MEMORY -DGBI_FLOATS -MM -MP -MT build/src/decomp/engine/graph_node_manager.o -MF build/src/decomp/engine/graph_node_manager.d src/decomp/engine/graph_node_manager.c
gcc -c -g -Wall -fPIC -DSM64_LIB_EXPORT -DVERSION_US -DNO_SEGMENTED_MEMORY -DGBI_FLOATS -isystem src/decomp/include -o build/src/decomp/engine/graph_node_manager.o src/decomp/engine/graph_node_manager.c
 
gcc -g -Wall -fPIC -DSM64_LIB_EXPORT -DVERSION_US -DNO_SEGMENTED_MEMORY -DGBI_FLOATS -MM -MP -MT build/src/decomp/engine/guMtxF2L.o -MF build/src/decomp/engine/guMtxF2L.d src/decomp/engine/guMtxF2L.c
gcc -c -g -Wall -fPIC -DSM64_LIB_EXPORT -DVERSION_US -DNO_SEGMENTED_MEMORY -DGBI_FLOATS -isystem src/decomp/include -o build/src/decomp/engine/guMtxF2L.o src/decomp/engine/guMtxF2L.c
 
gcc -g -Wall -fPIC -DSM64_LIB_EXPORT -DVERSION_US -DNO_SEGMENTED_MEMORY -DGBI_FLOATS -MM -MP -MT build/src/decomp/engine/math_util.o -MF build/src/decomp/engine/math_util.d src/decomp/engine/math_util.c
gcc -c -g -Wall -fPIC -DSM64_LIB_EXPORT -DVERSION_US -DNO_SEGMENTED_MEMORY -DGBI_FLOATS -isystem src/decomp/include -o build/src/decomp/engine/math_util.o src/decomp/engine/math_util.c
 
gcc -g -Wall -fPIC -DSM64_LIB_EXPORT -DVERSION_US -DNO_SEGMENTED_MEMORY -DGBI_FLOATS -MM -MP -MT build/src/decomp/engine/surface_collision.o -MF build/src/decomp/engine/surface_collision.d src/decomp/engine/surface_collision.c
gcc -c -g -Wall -fPIC -DSM64_LIB_EXPORT -DVERSION_US -DNO_SEGMENTED_MEMORY -DGBI_FLOATS -isystem src/decomp/include -o build/src/decomp/engine/surface_collision.o src/decomp/engine/surface_collision.c
 
gcc -g -Wall -fPIC -DSM64_LIB_EXPORT -DVERSION_US -DNO_SEGMENTED_MEMORY -DGBI_FLOATS -MM -MP -MT build/src/decomp/game/behavior_actions.o -MF build/src/decomp/game/behavior_actions.d src/decomp/game/behavior_actions.c
gcc -c -g -Wall -fPIC -DSM64_LIB_EXPORT -DVERSION_US -DNO_SEGMENTED_MEMORY -DGBI_FLOATS -isystem src/decomp/include -o build/src/decomp/game/behavior_actions.o src/decomp/game/behavior_actions.c
 
gcc -g -Wall -fPIC -DSM64_LIB_EXPORT -DVERSION_US -DNO_SEGMENTED_MEMORY -DGBI_FLOATS -MM -MP -MT build/src/decomp/game/interaction.o -MF build/src/decomp/game/interaction.d src/decomp/game/interaction.c
gcc -c -g -Wall -fPIC -DSM64_LIB_EXPORT -DVERSION_US -DNO_SEGMENTED_MEMORY -DGBI_FLOATS -isystem src/decomp/include -o build/src/decomp/game/interaction.o src/decomp/game/interaction.c
 
gcc -g -Wall -fPIC -DSM64_LIB_EXPORT -DVERSION_US -DNO_SEGMENTED_MEMORY -DGBI_FLOATS -MM -MP -MT build/src/decomp/game/mario.o -MF build/src/decomp/game/mario.d src/decomp/game/mario.c
gcc -c -g -Wall -fPIC -DSM64_LIB_EXPORT -DVERSION_US -DNO_SEGMENTED_MEMORY -DGBI_FLOATS -isystem src/decomp/include -o build/src/decomp/game/mario.o src/decomp/game/mario.c
 
gcc -g -Wall -fPIC -DSM64_LIB_EXPORT -DVERSION_US -DNO_SEGMENTED_MEMORY -DGBI_FLOATS -MM -MP -MT build/src/decomp/game/mario_actions_airborne.o -MF build/src/decomp/game/mario_actions_airborne.d src/decomp/game/mario_actions_airborne.c
gcc -c -g -Wall -fPIC -DSM64_LIB_EXPORT -DVERSION_US -DNO_SEGMENTED_MEMORY -DGBI_FLOATS -isystem src/decomp/include -o build/src/decomp/game/mario_actions_airborne.o src/decomp/game/mario_actions_airborne.c
 
gcc -g -Wall -fPIC -DSM64_LIB_EXPORT -DVERSION_US -DNO_SEGMENTED_MEMORY -DGBI_FLOATS -MM -MP -MT build/src/decomp/game/mario_actions_automatic.o -MF build/src/decomp/game/mario_actions_automatic.d src/decomp/game/mario_actions_automatic.c
gcc -c -g -Wall -fPIC -DSM64_LIB_EXPORT -DVERSION_US -DNO_SEGMENTED_MEMORY -DGBI_FLOATS -isystem src/decomp/include -o build/src/decomp/game/mario_actions_automatic.o src/decomp/game/mario_actions_automatic.c
 
gcc -g -Wall -fPIC -DSM64_LIB_EXPORT -DVERSION_US -DNO_SEGMENTED_MEMORY -DGBI_FLOATS -MM -MP -MT build/src/decomp/game/mario_actions_cutscene.o -MF build/src/decomp/game/mario_actions_cutscene.d src/decomp/game/mario_actions_cutscene.c
gcc -c -g -Wall -fPIC -DSM64_LIB_EXPORT -DVERSION_US -DNO_SEGMENTED_MEMORY -DGBI_FLOATS -isystem src/decomp/include -o build/src/decomp/game/mario_actions_cutscene.o src/decomp/game/mario_actions_cutscene.c
 
gcc -g -Wall -fPIC -DSM64_LIB_EXPORT -DVERSION_US -DNO_SEGMENTED_MEMORY -DGBI_FLOATS -MM -MP -MT build/src/decomp/game/mario_actions_moving.o -MF build/src/decomp/game/mario_actions_moving.d src/decomp/game/mario_actions_moving.c
gcc -c -g -Wall -fPIC -DSM64_LIB_EXPORT -DVERSION_US -DNO_SEGMENTED_MEMORY -DGBI_FLOATS -isystem src/decomp/include -o build/src/decomp/game/mario_actions_moving.o src/decomp/game/mario_actions_moving.c
 
gcc -g -Wall -fPIC -DSM64_LIB_EXPORT -DVERSION_US -DNO_SEGMENTED_MEMORY -DGBI_FLOATS -MM -MP -MT build/src/decomp/game/mario_actions_object.o -MF build/src/decomp/game/mario_actions_object.d src/decomp/game/mario_actions_object.c
gcc -c -g -Wall -fPIC -DSM64_LIB_EXPORT -DVERSION_US -DNO_SEGMENTED_MEMORY -DGBI_FLOATS -isystem src/decomp/include -o build/src/decomp/game/mario_actions_object.o src/decomp/game/mario_actions_object.c
 
gcc -g -Wall -fPIC -DSM64_LIB_EXPORT -DVERSION_US -DNO_SEGMENTED_MEMORY -DGBI_FLOATS -MM -MP -MT build/src/decomp/game/mario_actions_stationary.o -MF build/src/decomp/game/mario_actions_stationary.d src/decomp/game/mario_actions_stationary.c
gcc -c -g -Wall -fPIC -DSM64_LIB_EXPORT -DVERSION_US -DNO_SEGMENTED_MEMORY -DGBI_FLOATS -isystem src/decomp/include -o build/src/decomp/game/mario_actions_stationary.o src/decomp/game/mario_actions_stationary.c
 
gcc -g -Wall -fPIC -DSM64_LIB_EXPORT -DVERSION_US -DNO_SEGMENTED_MEMORY -DGBI_FLOATS -MM -MP -MT build/src/decomp/game/mario_actions_submerged.o -MF build/src/decomp/game/mario_actions_submerged.d src/decomp/game/mario_actions_submerged.c
gcc -c -g -Wall -fPIC -DSM64_LIB_EXPORT -DVERSION_US -DNO_SEGMENTED_MEMORY -DGBI_FLOATS -isystem src/decomp/include -o build/src/decomp/game/mario_actions_submerged.o src/decomp/game/mario_actions_submerged.c
gcc -g -Wall -fPIC -DSM64_LIB_EXPORT -DVERSION_US -DNO_SEGMENTED_MEMORY -DGBI_FLOATS -MM -MP -MT build/src/decomp/game/mario_misc.o -MF build/src/decomp/game/mario_misc.d src/decomp/game/mario_misc.c
gcc -c -g -Wall -fPIC -DSM64_LIB_EXPORT -DVERSION_US -DNO_SEGMENTED_MEMORY -DGBI_FLOATS -isystem src/decomp/include -o build/src/decomp/game/mario_misc.o src/decomp/game/mario_misc.c
gcc -g -Wall -fPIC -DSM64_LIB_EXPORT -DVERSION_US -DNO_SEGMENTED_MEMORY -DGBI_FLOATS -MM -MP -MT build/src/decomp/game/mario_step.o -MF build/src/decomp/game/mario_step.d src/decomp/game/mario_step.c
gcc -c -g -Wall -fPIC -DSM64_LIB_EXPORT -DVERSION_US -DNO_SEGMENTED_MEMORY -DGBI_FLOATS -isystem src/decomp/include -o build/src/decomp/game/mario_step.o src/decomp/game/mario_step.c
gcc -g -Wall -fPIC -DSM64_LIB_EXPORT -DVERSION_US -DNO_SEGMENTED_MEMORY -DGBI_FLOATS -MM -MP -MT build/src/decomp/game/object_stuff.o -MF build/src/decomp/game/object_stuff.d src/decomp/game/object_stuff.c
gcc -c -g -Wall -fPIC -DSM64_LIB_EXPORT -DVERSION_US -DNO_SEGMENTED_MEMORY -DGBI_FLOATS -isystem src/decomp/include -o build/src/decomp/game/object_stuff.o src/decomp/game/object_stuff.c
 
gcc -g -Wall -fPIC -DSM64_LIB_EXPORT -DVERSION_US -DNO_SEGMENTED_MEMORY -DGBI_FLOATS -MM -MP -MT build/src/decomp/game/platform_displacement.o -MF build/src/decomp/game/platform_displacement.d src/decomp/game/platform_displacement.c
gcc -c -g -Wall -fPIC -DSM64_LIB_EXPORT -DVERSION_US -DNO_SEGMENTED_MEMORY -DGBI_FLOATS -isystem src/decomp/include -o build/src/decomp/game/platform_displacement.o src/decomp/game/platform_displacement.c
 
gcc -g -Wall -fPIC -DSM64_LIB_EXPORT -DVERSION_US -DNO_SEGMENTED_MEMORY -DGBI_FLOATS -MM -MP -MT build/src/decomp/game/rendering_graph_node.o -MF build/src/decomp/game/rendering_graph_node.d src/decomp/game/rendering_graph_node.c
gcc -c -g -Wall -fPIC -DSM64_LIB_EXPORT -DVERSION_US -DNO_SEGMENTED_MEMORY -DGBI_FLOATS -isystem src/decomp/include -o build/src/decomp/game/rendering_graph_node.o src/decomp/game/rendering_graph_node.c
 
gcc -g -Wall -fPIC -DSM64_LIB_EXPORT -DVERSION_US -DNO_SEGMENTED_MEMORY -DGBI_FLOATS -MM -MP -MT build/src/decomp/pc/alBnkfNew.o -MF build/src/decomp/pc/alBnkfNew.d src/decomp/pc/alBnkfNew.c
gcc -c -g -Wall -fPIC -DSM64_LIB_EXPORT -DVERSION_US -DNO_SEGMENTED_MEMORY -DGBI_FLOATS -isystem src/decomp/include -o build/src/decomp/pc/alBnkfNew.o src/decomp/pc/alBnkfNew.c
 
gcc -g -Wall -fPIC -DSM64_LIB_EXPORT -DVERSION_US -DNO_SEGMENTED_MEMORY -DGBI_FLOATS -MM -MP -MT build/src/decomp/pc/configfile.o -MF build/src/decomp/pc/configfile.d src/decomp/pc/configfile.c
gcc -c -g -Wall -fPIC -DSM64_LIB_EXPORT -DVERSION_US -DNO_SEGMENTED_MEMORY -DGBI_FLOATS -isystem src/decomp/include -o build/src/decomp/pc/configfile.o src/decomp/pc/configfile.c
 
gcc -g -Wall -fPIC -DSM64_LIB_EXPORT -DVERSION_US -DNO_SEGMENTED_MEMORY -DGBI_FLOATS -MM -MP -MT build/src/decomp/pc/dlmalloc.o -MF build/src/decomp/pc/dlmalloc.d src/decomp/pc/dlmalloc.c
gcc -c -g -Wall -fPIC -DSM64_LIB_EXPORT -DVERSION_US -DNO_SEGMENTED_MEMORY -DGBI_FLOATS -isystem src/decomp/include -o build/src/decomp/pc/dlmalloc.o src/decomp/pc/dlmalloc.c
 
gcc -g -Wall -fPIC -DSM64_LIB_EXPORT -DVERSION_US -DNO_SEGMENTED_MEMORY -DGBI_FLOATS -MM -MP -MT build/src/decomp/pc/mixer.o -MF build/src/decomp/pc/mixer.d src/decomp/pc/mixer.c
gcc -c -g -Wall -fPIC -DSM64_LIB_EXPORT -DVERSION_US -DNO_SEGMENTED_MEMORY -DGBI_FLOATS -isystem src/decomp/include -o build/src/decomp/pc/mixer.o src/decomp/pc/mixer.c
 
gcc -g -Wall -fPIC -DSM64_LIB_EXPORT -DVERSION_US -DNO_SEGMENTED_MEMORY -DGBI_FLOATS -MM -MP -MT build/src/decomp/pc/ultra_reimplementation.o -MF build/src/decomp/pc/ultra_reimplementation.d src/decomp/pc/ultra_reimplementation.c
gcc -c -g -Wall -fPIC -DSM64_LIB_EXPORT -DVERSION_US -DNO_SEGMENTED_MEMORY -DGBI_FLOATS -isystem src/decomp/include -o build/src/decomp/pc/ultra_reimplementation.o src/decomp/pc/ultra_reimplementation.c
 
gcc -g -Wall -fPIC -DSM64_LIB_EXPORT -DVERSION_US -DNO_SEGMENTED_MEMORY -DGBI_FLOATS -MM -MP -MT build/src/decomp/pc/audio/audio_alsa.o -MF build/src/decomp/pc/audio/audio_alsa.d src/decomp/pc/audio/audio_alsa.c
gcc -c -g -Wall -fPIC -DSM64_LIB_EXPORT -DVERSION_US -DNO_SEGMENTED_MEMORY -DGBI_FLOATS -isystem src/decomp/include -o build/src/decomp/pc/audio/audio_alsa.o src/decomp/pc/audio/audio_alsa.c
 
gcc -g -Wall -fPIC -DSM64_LIB_EXPORT -DVERSION_US -DNO_SEGMENTED_MEMORY -DGBI_FLOATS -MM -MP -MT build/src/decomp/pc/audio/audio_null.o -MF build/src/decomp/pc/audio/audio_null.d src/decomp/pc/audio/audio_null.c
gcc -c -g -Wall -fPIC -DSM64_LIB_EXPORT -DVERSION_US -DNO_SEGMENTED_MEMORY -DGBI_FLOATS -isystem src/decomp/include -o build/src/decomp/pc/audio/audio_null.o src/decomp/pc/audio/audio_null.c
 
gcc -g -Wall -fPIC -DSM64_LIB_EXPORT -DVERSION_US -DNO_SEGMENTED_MEMORY -DGBI_FLOATS -MM -MP -MT build/src/decomp/pc/audio/audio_pulse.o -MF build/src/decomp/pc/audio/audio_pulse.d src/decomp/pc/audio/audio_pulse.c
gcc -c -g -Wall -fPIC -DSM64_LIB_EXPORT -DVERSION_US -DNO_SEGMENTED_MEMORY -DGBI_FLOATS -isystem src/decomp/include -o build/src/decomp/pc/audio/audio_pulse.o src/decomp/pc/audio/audio_pulse.c
 
gcc -g -Wall -fPIC -DSM64_LIB_EXPORT -DVERSION_US -DNO_SEGMENTED_MEMORY -DGBI_FLOATS -MM -MP -MT build/src/decomp/pc/audio/audio_sdl.o -MF build/src/decomp/pc/audio/audio_sdl.d src/decomp/pc/audio/audio_sdl.c
gcc -c -g -Wall -fPIC -DSM64_LIB_EXPORT -DVERSION_US -DNO_SEGMENTED_MEMORY -DGBI_FLOATS -isystem src/decomp/include -o build/src/decomp/pc/audio/audio_sdl.o src/decomp/pc/audio/audio_sdl.c
 
gcc -g -Wall -fPIC -DSM64_LIB_EXPORT -DVERSION_US -DNO_SEGMENTED_MEMORY -DGBI_FLOATS -MM -MP -MT build/src/decomp/mario/geo.inc.o -MF build/src/decomp/mario/geo.inc.d src/decomp/mario/geo.inc.c
gcc -c -g -Wall -fPIC -DSM64_LIB_EXPORT -DVERSION_US -DNO_SEGMENTED_MEMORY -DGBI_FLOATS -isystem src/decomp/include -o build/src/decomp/mario/geo.inc.o src/decomp/mario/geo.inc.c
 
gcc -g -Wall -fPIC -DSM64_LIB_EXPORT -DVERSION_US -DNO_SEGMENTED_MEMORY -DGBI_FLOATS -MM -MP -MT build/src/decomp/tools/convUtils.o -MF build/src/decomp/tools/convUtils.d src/decomp/tools/convUtils.c
gcc -c -g -Wall -fPIC -DSM64_LIB_EXPORT -DVERSION_US -DNO_SEGMENTED_MEMORY -DGBI_FLOATS -isystem src/decomp/include -o build/src/decomp/tools/convUtils.o src/decomp/tools/convUtils.c
 
gcc -g -Wall -fPIC -DSM64_LIB_EXPORT -DVERSION_US -DNO_SEGMENTED_MEMORY -DGBI_FLOATS -MM -MP -MT build/src/decomp/tools/displaylist_parser.o -MF build/src/decomp/tools/displaylist_parser.d src/decomp/tools/displaylist_parser.c
gcc -c -g -Wall -fPIC -DSM64_LIB_EXPORT -DVERSION_US -DNO_SEGMENTED_MEMORY -DGBI_FLOATS -isystem src/decomp/include -o build/src/decomp/tools/displaylist_parser.o src/decomp/tools/displaylist_parser.c
 
gcc -g -Wall -fPIC -DSM64_LIB_EXPORT -DVERSION_US -DNO_SEGMENTED_MEMORY -DGBI_FLOATS -MM -MP -MT build/src/decomp/tools/geolayout_parser.o -MF build/src/decomp/tools/geolayout_parser.d src/decomp/tools/geolayout_parser.c
gcc -c -g -Wall -fPIC -DSM64_LIB_EXPORT -DVERSION_US -DNO_SEGMENTED_MEMORY -DGBI_FLOATS -isystem src/decomp/include -o build/src/decomp/tools/geolayout_parser.o src/decomp/tools/geolayout_parser.c
 
gcc -g -Wall -fPIC -DSM64_LIB_EXPORT -DVERSION_US -DNO_SEGMENTED_MEMORY -DGBI_FLOATS -MM -MP -MT build/src/decomp/tools/libmio0.o -MF build/src/decomp/tools/libmio0.d src/decomp/tools/libmio0.c
gcc -c -g -Wall -fPIC -DSM64_LIB_EXPORT -DVERSION_US -DNO_SEGMENTED_MEMORY -DGBI_FLOATS -isystem src/decomp/include -o build/src/decomp/tools/libmio0.o src/decomp/tools/libmio0.c
 
gcc -g -Wall -fPIC -DSM64_LIB_EXPORT -DVERSION_US -DNO_SEGMENTED_MEMORY -DGBI_FLOATS -MM -MP -MT build/src/decomp/tools/n64graphics.o -MF build/src/decomp/tools/n64graphics.d src/decomp/tools/n64graphics.c
gcc -c -g -Wall -fPIC -DSM64_LIB_EXPORT -DVERSION_US -DNO_SEGMENTED_MEMORY -DGBI_FLOATS -isystem src/decomp/include -o build/src/decomp/tools/n64graphics.o src/decomp/tools/n64graphics.c
 
gcc -g -Wall -fPIC -DSM64_LIB_EXPORT -DVERSION_US -DNO_SEGMENTED_MEMORY -DGBI_FLOATS -MM -MP -MT build/src/decomp/tools/utils.o -MF build/src/decomp/tools/utils.d src/decomp/tools/utils.c
gcc -c -g -Wall -fPIC -DSM64_LIB_EXPORT -DVERSION_US -DNO_SEGMENTED_MEMORY -DGBI_FLOATS -isystem src/decomp/include -o build/src/decomp/tools/utils.o src/decomp/tools/utils.c
 
gcc -g -Wall -fPIC -DSM64_LIB_EXPORT -DVERSION_US -DNO_SEGMENTED_MEMORY -DGBI_FLOATS -MM -MP -MT build/src/decomp/audio/data.o -MF build/src/decomp/audio/data.d src/decomp/audio/data.c
gcc -c -g -Wall -fPIC -DSM64_LIB_EXPORT -DVERSION_US -DNO_SEGMENTED_MEMORY -DGBI_FLOATS -isystem src/decomp/include -o build/src/decomp/audio/data.o src/decomp/audio/data.c
 
gcc -g -Wall -fPIC -DSM64_LIB_EXPORT -DVERSION_US -DNO_SEGMENTED_MEMORY -DGBI_FLOATS -MM -MP -MT build/src/decomp/audio/effects.o -MF build/src/decomp/audio/effects.d src/decomp/audio/effects.c
gcc -c -g -Wall -fPIC -DSM64_LIB_EXPORT -DVERSION_US -DNO_SEGMENTED_MEMORY -DGBI_FLOATS -isystem src/decomp/include -o build/src/decomp/audio/effects.o src/decomp/audio/effects.c
 
gcc -g -Wall -fPIC -DSM64_LIB_EXPORT -DVERSION_US -DNO_SEGMENTED_MEMORY -DGBI_FLOATS -MM -MP -MT build/src/decomp/audio/external.o -MF build/src/decomp/audio/external.d src/decomp/audio/external.c
gcc -c -g -Wall -fPIC -DSM64_LIB_EXPORT -DVERSION_US -DNO_SEGMENTED_MEMORY -DGBI_FLOATS -isystem src/decomp/include -o build/src/decomp/audio/external.o src/decomp/audio/external.c
 
gcc -g -Wall -fPIC -DSM64_LIB_EXPORT -DVERSION_US -DNO_SEGMENTED_MEMORY -DGBI_FLOATS -MM -MP -MT build/src/decomp/audio/globals_start.o -MF build/src/decomp/audio/globals_start.d src/decomp/audio/globals_start.c
gcc -c -g -Wall -fPIC -DSM64_LIB_EXPORT -DVERSION_US -DNO_SEGMENTED_MEMORY -DGBI_FLOATS -isystem src/decomp/include -o build/src/decomp/audio/globals_start.o src/decomp/audio/globals_start.c
 
gcc -g -Wall -fPIC -DSM64_LIB_EXPORT -DVERSION_US -DNO_SEGMENTED_MEMORY -DGBI_FLOATS -MM -MP -MT build/src/decomp/audio/heap.o -MF build/src/decomp/audio/heap.d src/decomp/audio/heap.c
gcc -c -g -Wall -fPIC -DSM64_LIB_EXPORT -DVERSION_US -DNO_SEGMENTED_MEMORY -DGBI_FLOATS -isystem src/decomp/include -o build/src/decomp/audio/heap.o src/decomp/audio/heap.c
 
gcc -g -Wall -fPIC -DSM64_LIB_EXPORT -DVERSION_US -DNO_SEGMENTED_MEMORY -DGBI_FLOATS -MM -MP -MT build/src/decomp/audio/load.o -MF build/src/decomp/audio/load.d src/decomp/audio/load.c
gcc -c -g -Wall -fPIC -DSM64_LIB_EXPORT -DVERSION_US -DNO_SEGMENTED_MEMORY -DGBI_FLOATS -isystem src/decomp/include -o build/src/decomp/audio/load.o src/decomp/audio/load.c
 
gcc -g -Wall -fPIC -DSM64_LIB_EXPORT -DVERSION_US -DNO_SEGMENTED_MEMORY -DGBI_FLOATS -MM -MP -MT build/src/decomp/audio/load_dat.o -MF build/src/decomp/audio/load_dat.d src/decomp/audio/load_dat.c
gcc -c -g -Wall -fPIC -DSM64_LIB_EXPORT -DVERSION_US -DNO_SEGMENTED_MEMORY -DGBI_FLOATS -isystem src/decomp/include -o build/src/decomp/audio/load_dat.o src/decomp/audio/load_dat.c
 
gcc -g -Wall -fPIC -DSM64_LIB_EXPORT -DVERSION_US -DNO_SEGMENTED_MEMORY -DGBI_FLOATS -MM -MP -MT build/src/decomp/audio/load_sh.o -MF build/src/decomp/audio/load_sh.d src/decomp/audio/load_sh.c
gcc -c -g -Wall -fPIC -DSM64_LIB_EXPORT -DVERSION_US -DNO_SEGMENTED_MEMORY -DGBI_FLOATS -isystem src/decomp/include -o build/src/decomp/audio/load_sh.o src/decomp/audio/load_sh.c
 
gcc -g -Wall -fPIC -DSM64_LIB_EXPORT -DVERSION_US -DNO_SEGMENTED_MEMORY -DGBI_FLOATS -MM -MP -MT build/src/decomp/audio/playback.o -MF build/src/decomp/audio/playback.d src/decomp/audio/playback.c
gcc -c -g -Wall -fPIC -DSM64_LIB_EXPORT -DVERSION_US -DNO_SEGMENTED_MEMORY -DGBI_FLOATS -isystem src/decomp/include -o build/src/decomp/audio/playback.o src/decomp/audio/playback.c
 
gcc -g -Wall -fPIC -DSM64_LIB_EXPORT -DVERSION_US -DNO_SEGMENTED_MEMORY -DGBI_FLOATS -MM -MP -MT build/src/decomp/audio/port_eu.o -MF build/src/decomp/audio/port_eu.d src/decomp/audio/port_eu.c
gcc -c -g -Wall -fPIC -DSM64_LIB_EXPORT -DVERSION_US -DNO_SEGMENTED_MEMORY -DGBI_FLOATS -isystem src/decomp/include -o build/src/decomp/audio/port_eu.o src/decomp/audio/port_eu.c
 
gcc -g -Wall -fPIC -DSM64_LIB_EXPORT -DVERSION_US -DNO_SEGMENTED_MEMORY -DGBI_FLOATS -MM -MP -MT build/src/decomp/audio/port_sh.o -MF build/src/decomp/audio/port_sh.d src/decomp/audio/port_sh.c
gcc -c -g -Wall -fPIC -DSM64_LIB_EXPORT -DVERSION_US -DNO_SEGMENTED_MEMORY -DGBI_FLOATS -isystem src/decomp/include -o build/src/decomp/audio/port_sh.o src/decomp/audio/port_sh.c
 
gcc -g -Wall -fPIC -DSM64_LIB_EXPORT -DVERSION_US -DNO_SEGMENTED_MEMORY -DGBI_FLOATS -MM -MP -MT build/src/decomp/audio/seqplayer.o -MF build/src/decomp/audio/seqplayer.d src/decomp/audio/seqplayer.c
gcc -c -g -Wall -fPIC -DSM64_LIB_EXPORT -DVERSION_US -DNO_SEGMENTED_MEMORY -DGBI_FLOATS -isystem src/decomp/include -o build/src/decomp/audio/seqplayer.o src/decomp/audio/seqplayer.c
 
gcc -g -Wall -fPIC -DSM64_LIB_EXPORT -DVERSION_US -DNO_SEGMENTED_MEMORY -DGBI_FLOATS -MM -MP -MT build/src/decomp/audio/shindou_debug_prints.o -MF build/src/decomp/audio/shindou_debug_prints.d src/decomp/audio/shindou_debug_prints.c
gcc -c -g -Wall -fPIC -DSM64_LIB_EXPORT -DVERSION_US -DNO_SEGMENTED_MEMORY -DGBI_FLOATS -isystem src/decomp/include -o build/src/decomp/audio/shindou_debug_prints.o src/decomp/audio/shindou_debug_prints.c
 
gcc -g -Wall -fPIC -DSM64_LIB_EXPORT -DVERSION_US -DNO_SEGMENTED_MEMORY -DGBI_FLOATS -MM -MP -MT build/src/decomp/audio/synthesis.o -MF build/src/decomp/audio/synthesis.d src/decomp/audio/synthesis.c
gcc -c -g -Wall -fPIC -DSM64_LIB_EXPORT -DVERSION_US -DNO_SEGMENTED_MEMORY -DGBI_FLOATS -isystem src/decomp/include -o build/src/decomp/audio/synthesis.o src/decomp/audio/synthesis.c
gcc -g -Wall -fPIC -DSM64_LIB_EXPORT -DVERSION_US -DNO_SEGMENTED_MEMORY -DGBI_FLOATS -MM -MP -MT build/src/decomp/audio/synthesis_sh.o -MF build/src/decomp/audio/synthesis_sh.d src/decomp/audio/synthesis_sh.c
gcc -c -g -Wall -fPIC -DSM64_LIB_EXPORT -DVERSION_US -DNO_SEGMENTED_MEMORY -DGBI_FLOATS -isystem src/decomp/include -o build/src/decomp/audio/synthesis_sh.o src/decomp/audio/synthesis_sh.c
g++ -g -Wall -fPIC -DSM64_LIB_EXPORT -DVERSION_US -DNO_SEGMENTED_MEMORY -DGBI_FLOATS -MM -MP -MT build/src/decomp/pc/audio/audio_wasapi.o -MF build/src/decomp/pc/audio/audio_wasapi.d src/decomp/pc/audio/audio_wasapi.cpp
g++ -c -g -Wall -fPIC -DSM64_LIB_EXPORT -DVERSION_US -DNO_SEGMENTED_MEMORY -DGBI_FLOATS -isystem src/decomp/include -o build/src/decomp/pc/audio/audio_wasapi.o src/decomp/pc/audio/audio_wasapi.cpp
gcc -g -lm -shared -lpthread -o dist/sm64.dll build/src/debug_print.o build/src/fake_interaction.o build/src/gfx_adapter.o build/src/libsm64.o build/src/load_anim_data.o build/src/load_surfaces.o build/src/load_tex_data.o build/src/obj_pool.o build/src/decomp/global_state.o build/src/decomp/memory.o build/src/decomp/engine/geo_layout.o build/src/decomp/engine/graph_node.o build/src/decomp/engine/graph_node_manager.o build/src/decomp/engine/guMtxF2L.o build/src/decomp/engine/math_util.o build/src/decomp/engine/surface_collision.o build/src/decomp/game/behavior_actions.o build/src/decomp/game/interaction.o build/src/decomp/game/mario.o build/src/decomp/game/mario_actions_airborne.o build/src/decomp/game/mario_actions_automatic.o build/src/decomp/game/mario_actions_cutscene.o build/src/decomp/game/mario_actions_moving.o build/src/decomp/game/mario_actions_object.o build/src/decomp/game/mario_actions_stationary.o build/src/decomp/game/mario_actions_submerged.o build/src/decomp/game/mario_misc.o build/src/decomp/game/mario_step.o build/src/decomp/game/object_stuff.o build/src/decomp/game/platform_displacement.o build/src/decomp/game/rendering_graph_node.o build/src/decomp/pc/alBnkfNew.o build/src/decomp/pc/configfile.o build/src/decomp/pc/dlmalloc.o build/src/decomp/pc/mixer.o build/src/decomp/pc/ultra_reimplementation.o build/src/decomp/pc/audio/audio_alsa.o build/src/decomp/pc/audio/audio_null.o build/src/decomp/pc/audio/audio_pulse.o build/src/decomp/pc/audio/audio_sdl.o build/src/decomp/mario/geo.inc.o build/src/decomp/tools/convUtils.o build/src/decomp/tools/displaylist_parser.o build/src/decomp/tools/geolayout_parser.o build/src/decomp/tools/libmio0.o build/src/decomp/tools/n64graphics.o build/src/decomp/tools/utils.o build/src/decomp/audio/data.o build/src/decomp/audio/effects.o build/src/decomp/audio/external.o build/src/decomp/audio/globals_start.o build/src/decomp/audio/heap.o build/src/decomp/audio/load.o build/src/decomp/audio/load_dat.o build/src/decomp/audio/load_sh.o build/src/decomp/audio/playback.o build/src/decomp/audio/port_eu.o build/src/decomp/audio/port_sh.o build/src/decomp/audio/seqplayer.o build/src/decomp/audio/shindou_debug_prints.o build/src/decomp/audio/synthesis.o build/src/decomp/audio/synthesis_sh.o build/src/decomp/pc/audio/audio_wasapi.o -g -static -lole32 -lstdc++
 
cp -f src/libsm64.h dist/include/libsm64.h
make: Leaving directory '/d/Projects/OpenLara-sm64/src/libs/libsm64'
 
